"../../../Engine/Content/BasicShapes/BasicShapeMaterial.uasset" 0
"../../../Engine/Content/Functions/Engine_MaterialFunctions01/Opacity/CameraDepthFade.uasset" 1
"../../../Engine/Content/EngineMaterials/T_Default_Material_Grid_M.uasset" 2
"../../../Engine/Content/EngineMaterials/T_Default_Material_Grid_N.uasset" 3
"../../../Engine/Content/EngineMaterials/DefaultMaterial.uasset" 4
"../../../Engine/Content/BasicShapes/Sphere.uasset" 5
"../../../EclairTest/Content/Blueprints/EtoEclair.uasset" 6
"../../../EclairTest/Content/Blueprints/GameMode_MoveTest.uasset" 7
"../../../EclairTest/Content/Eclair/Eclair_forDreamland_Skeleton.uasset" 8
"../../../EclairTest/Content/Eclair/Eclair_forDreamland_Anim.uasset" 9
"../../../EclairTest/Content/Eclair/Animation/RunToIdle.uasset" 10
"../../../EclairTest/Content/Eclair/Animation/ThirdPerson_Jump.uasset" 11
"../../../EclairTest/Content/Eclair/Animation/ThirdPersonJump_Loop.uasset" 12
"../../../EclairTest/Content/Eclair/Animation/ThirdPersonJump_Start.uasset" 13
"../../../EclairTest/Content/Eclair/Animation/Idle.uasset" 14
"../../../EclairTest/Content/Eclair/Animation/IdleToRun.uasset" 15
"../../../EclairTest/Content/Eclair/Animation/Run.uasset" 16
"../../../EclairTest/Content/Eclair/Animation/Eclair_IdleRun_2D.uasset" 17
"../../../Engine/Content/EditorBlueprintResources/StandardMacros.uasset" 18
"../../../EclairTest/Content/Blueprints/Eclair_PlayerController.uasset" 19
"../../../EclairTest/Content/BGM/battle.uasset" 20
"../../../EclairTest/Content/BGM/battle_Cue.uasset" 21
"../../../EclairTest/Content/BGM/thankyou.uasset" 22
"../../../EclairTest/Content/BGM/thankyou_Cue.uasset" 23
"../../../EclairTest/Content/SE/GetBattery.uasset" 24
"../../../EclairTest/Content/SE/GetSnitch.uasset" 25
"../../../EclairTest/Content/SE/TimeUp.uasset" 26
"../../../EclairTest/Content/Blueprints/GameMode_EclairDreamLand.uasset" 27
"../../../EclairTest/Content/Eclair/Animation/TEclair_AnimBP.uasset" 28
"../../../EclairTest/Content/Mannequin/Character/Mesh/UE4_Mannequin_Skeleton.uasset" 29
"../../../EclairTest/Content/Mannequin/Animations/ThirdPerson_Jump.uasset" 30
"../../../EclairTest/Content/Mannequin/Animations/ThirdPersonJump_Loop.uasset" 31
"../../../EclairTest/Content/Mannequin/Animations/ThirdPersonJump_Start.uasset" 32
"../../../EclairTest/Content/Mannequin/Animations/ThirdPersonIdle.uasset" 33
"../../../EclairTest/Content/Mannequin/Animations/ThirdPersonRun.uasset" 34
"../../../EclairTest/Content/Mannequin/Animations/ThirdPersonWalk.uasset" 35
"../../../EclairTest/Content/Mannequin/Animations/ThirdPerson_IdleRun_2D.uasset" 36
"../../../EclairTest/Content/Eclair/Animation/ThirdPerson_AnimBP.uasset" 37
"../../../EclairTest/Content/Eclair/Animation/ThirdPersonIdle.uasset" 38
"../../../EclairTest/Content/Eclair/Animation/ThirdPersonRun.uasset" 39
"../../../EclairTest/Content/Eclair/Animation/ThirdPersonWalk.uasset" 40
"../../../Engine/Content/BasicShapes/Cone.uasset" 41
"../../../EclairTest/Content/EclairForDreamLand/Battery.uasset" 42
"../../../EclairTest/Content/Fbx/Goofy/phong2.uasset" 43
"../../../EclairTest/Content/Fbx/Goofy/gufy.uasset" 44
"../../../EclairTest/Content/Blueprints/gufy_Blueprint.uasset" 45
"../../../EclairTest/Content/EclairForDreamLand/Toumei.uasset" 46
"../../../EclairTest/Content/EclairForDreamLand/SpawnPoint0.uasset" 47
"../../../Engine/Content/BasicShapes/Cylinder.uasset" 48
"../../../EclairTest/Content/Fbx/Goofy.uasset" 49
"../../../EclairTest/Content/Fbx/Contena/metal.uasset" 50
"../../../EclairTest/Content/Fbx/Contena/conntena_mirroredCutMesh3.uasset" 51
"../../../EclairTest/Content/Fbx/Contena/mietal2.uasset" 52
"../../../EclairTest/Content/Fbx/Contena/mila_material2.uasset" 53
"../../../EclairTest/Content/Fbx/Contena/conntena_transform82.uasset" 54
"../../../EclairTest/Content/Fbx/Dram/phong1.uasset" 55
"../../../EclairTest/Content/Fbx/Dram/dram_pCylinder1.uasset" 56
"../../../EclairTest/Content/Fbx/Dram/dram_pCylinder2.uasset" 57
"../../../EclairTest/Content/Fbx/Dram/dram_pCylinder3.uasset" 58
"../../../EclairTest/Content/Fbx/Dram/dram_pCylinder4.uasset" 59
"../../../EclairTest/Content/Fbx/Goofy/Goofy.uasset" 60
"../../../EclairTest/Content/Fbx/ladder/laddar_UV.uasset" 61
"../../../EclairTest/Content/Fbx/ladder/blinn1.uasset" 62
"../../../EclairTest/Content/Fbx/ladder/laddar_dan10.uasset" 63
"../../../EclairTest/Content/Fbx/ladder/laddar_ue1.uasset" 64
"../../../EclairTest/Content/Fbx/ladder/laddar_ue2.uasset" 65
"../../../EclairTest/Content/Fbx/Plant1/entotu1.uasset" 66
"../../../EclairTest/Content/Fbx/Plant1/metal.uasset" 67
"../../../EclairTest/Content/Fbx/Plant1/phong1.uasset" 68
"../../../EclairTest/Content/Fbx/Plant1/pipe1.uasset" 69
"../../../EclairTest/Content/Fbx/Plant1/souko2.uasset" 70
"../../../EclairTest/Content/Fbx/Plant1/tank1.uasset" 71
"../../../EclairTest/Content/Fbx/Plant1/yane.uasset" 72
"../../../EclairTest/Content/Fbx/Plant1/plant1.uasset" 73
"../../../EclairTest/Content/Fbx/Snitch/mia_material_x_passes1.uasset" 74
"../../../EclairTest/Content/Fbx/Snitch/snnitch_mirroredCutMesh1.uasset" 75
"../../../EclairTest/Content/Fbx/Snitch/snnitch_mirroredCutMesh2.uasset" 76
"../../../EclairTest/Content/Fbx/Snitch/snnitch_mirroredCutMesh3.uasset" 77
"../../../EclairTest/Content/Fbx/Snitch/snnitch_mirroredCutMesh4.uasset" 78
"../../../EclairTest/Content/Fbx/Snitch/snnitch_mirroredCutMesh5.uasset" 79
"../../../EclairTest/Content/Fbx/Snitch/snnitch_mirroredCutMesh6.uasset" 80
"../../../EclairTest/Content/Fbx/Snitch/snnitch_mirroredCutMesh7.uasset" 81
"../../../EclairTest/Content/Fbx/Snitch/snnitch_mirroredCutMesh8.uasset" 82
"../../../EclairTest/Content/Fbx/Snitch/snnitch_pCube1.uasset" 83
"../../../EclairTest/Content/Fbx/Snitch/snnitch_pSphere1.uasset" 84
"../../../EclairTest/Content/Fbx/Snitch/snnitch_pSphere2.uasset" 85
"../../../EclairTest/Content/Fbx/Snitch/snnitch_pTorus1.uasset" 86
"../../../EclairTest/Content/Fbx/Snitch/snnitch_pTorus2.uasset" 87
"../../../EclairTest/Content/Fbx/Snitch/snnitch_pTorus3.uasset" 88
"../../../EclairTest/Content/Fbx/Snitch/snnitch_pTorus4.uasset" 89
"../../../EclairTest/Content/Fbx/Snitch/snnitch_pTorus5.uasset" 90
"../../../EclairTest/Content/Fbx/Snitch/snnitch_pTorus6.uasset" 91
"../../../EclairTest/Content/Fbx/Snitch/snnitch_pTorus7.uasset" 92
"../../../EclairTest/Content/Fbx/snitch2/snnitch2_Skeleton.uasset" 93
"../../../EclairTest/Content/Fbx/snitch2/SnitchAnimBP.uasset" 94
"../../../EclairTest/Content/Fbx/snitch2/snnitch2_Anim.uasset" 95
"../../../EclairTest/Content/Fbx/snitch2/snnitch2_PhysicsAsset.uasset" 96
"../../../EclairTest/Content/Fbx/sodent/mia_material_x_passes1.uasset" 97
"../../../EclairTest/Content/Fbx/sodent/sodent_mirroredCutMesh7.uasset" 98
"../../../EclairTest/Content/Fbx/sodent/lambert1.uasset" 99
"../../../EclairTest/Content/Fbx/sodent/sodent_pCylinder52.uasset" 100
"../../../EclairTest/Content/Fbx/sodent/sodent_pCylinder53.uasset" 101
"../../../EclairTest/Content/Fbx/sodent/sodent_pCylinder54.uasset" 102
"../../../EclairTest/Content/Fbx/sodent/sodent_pCylinder55.uasset" 103
"../../../EclairTest/Content/Fbx/sodent/tekotu1.uasset" 104
"../../../EclairTest/Content/Fbx/sodent/sodent_polySurface109.uasset" 105
"../../../EclairTest/Content/Fbx/sodent/sodent_polySurface110.uasset" 106
"../../../EclairTest/Content/Fbx/sodent/sodent_polySurface111.uasset" 107
"../../../EclairTest/Content/Fbx/sodent/sodent_polySurface121.uasset" 108
"../../../EclairTest/Content/Fbx/sodent/sodent_polySurface138.uasset" 109
"../../../EclairTest/Content/Fbx/sodent/sodent_polySurface139.uasset" 110
"../../../EclairTest/Content/Fbx/sodent/sodent_polySurface160.uasset" 111
"../../../EclairTest/Content/Fbx/sodent/sodent_polySurface180.uasset" 112
"../../../EclairTest/Content/Fbx/sodent/sodent_polySurface181.uasset" 113
"../../../EclairTest/Content/Fbx/sodent/sodent_polySurface182.uasset" 114
"../../../EclairTest/Content/Fbx/sodent/sodent_polySurface183.uasset" 115
"../../../EclairTest/Content/Fbx/sodent/sodent_polySurface184.uasset" 116
"../../../EclairTest/Content/Fbx/sodent/sodent_polySurface185.uasset" 117
"../../../EclairTest/Content/Fbx/sodent/sodent_polySurface186.uasset" 118
"../../../EclairTest/Content/Fbx/sodent/sodent_polySurface187.uasset" 119
"../../../EclairTest/Content/Fbx/sodent/sodent_polySurface188.uasset" 120
"../../../EclairTest/Content/Fbx/sodent/sodent_polySurface189.uasset" 121
"../../../EclairTest/Content/Fbx/sodent/sodent_polySurface190.uasset" 122
"../../../EclairTest/Content/Fbx/sodent/sodent_polySurface191.uasset" 123
"../../../EclairTest/Content/Fbx/sodent/sodent_polySurface192.uasset" 124
"../../../EclairTest/Content/Fbx/sodent/sodent_polySurface193.uasset" 125
"../../../EclairTest/Content/Fbx/sodent/sodent_polySurface194.uasset" 126
"../../../EclairTest/Content/Fbx/sodent/sodent_polySurface195.uasset" 127
"../../../EclairTest/Content/Fbx/sodent/sodent_polySurface196.uasset" 128
"../../../EclairTest/Content/Fbx/sodent/sodent_polySurface197.uasset" 129
"../../../EclairTest/Content/Fbx/sodent/sodent_polySurface198.uasset" 130
"../../../EclairTest/Content/Fbx/sodent/sodent_polySurface199.uasset" 131
"../../../EclairTest/Content/Fbx/sodent/sodent_polySurface2.uasset" 132
"../../../EclairTest/Content/Fbx/sodent/sodent_polySurface200.uasset" 133
"../../../EclairTest/Content/Fbx/sodent/sodent_polySurface201.uasset" 134
"../../../EclairTest/Content/Fbx/sodent/sodent_polySurface202.uasset" 135
"../../../EclairTest/Content/Fbx/sodent/sodent_polySurface203.uasset" 136
"../../../EclairTest/Content/Fbx/sodent/sodent_polySurface204.uasset" 137
"../../../EclairTest/Content/Fbx/sodent/sodent_polySurface205.uasset" 138
"../../../EclairTest/Content/Fbx/sodent/sodent_polySurface206.uasset" 139
"../../../EclairTest/Content/Fbx/sodent/sodent_polySurface207.uasset" 140
"../../../EclairTest/Content/Fbx/sodent/sodent_polySurface208.uasset" 141
"../../../EclairTest/Content/Fbx/sodent/sodent_polySurface209.uasset" 142
"../../../EclairTest/Content/Fbx/sodent/sodent_polySurface210.uasset" 143
"../../../EclairTest/Content/Fbx/sodent/sodent_polySurface211.uasset" 144
"../../../EclairTest/Content/Fbx/sodent/sodent_polySurface212.uasset" 145
"../../../EclairTest/Content/Fbx/sodent/sodent_polySurface213.uasset" 146
"../../../EclairTest/Content/Fbx/sodent/sodent_polySurface214.uasset" 147
"../../../EclairTest/Content/Fbx/sodent/sodent_polySurface215.uasset" 148
"../../../EclairTest/Content/Fbx/sodent/sodent_polySurface216.uasset" 149
"../../../EclairTest/Content/Fbx/sodent/sodent_polySurface217.uasset" 150
"../../../EclairTest/Content/Fbx/sodent/sodent_polySurface218.uasset" 151
"../../../EclairTest/Content/Fbx/sodent/sodent_polySurface219.uasset" 152
"../../../EclairTest/Content/Fbx/sodent/sodent_polySurface220.uasset" 153
"../../../EclairTest/Content/Fbx/sodent/sodent_polySurface221.uasset" 154
"../../../EclairTest/Content/Fbx/sodent/sodent_polySurface222.uasset" 155
"../../../EclairTest/Content/Fbx/sodent/sodent_polySurface223.uasset" 156
"../../../EclairTest/Content/Fbx/sodent/sodent_polySurface224.uasset" 157
"../../../EclairTest/Content/Fbx/sodent/sodent_polySurface225.uasset" 158
"../../../EclairTest/Content/Fbx/sodent/sodent_polySurface226.uasset" 159
"../../../EclairTest/Content/Fbx/sodent/sodent_polySurface227.uasset" 160
"../../../EclairTest/Content/Fbx/sodent/sodent_polySurface228.uasset" 161
"../../../EclairTest/Content/Fbx/sodent/sodent_polySurface229.uasset" 162
"../../../EclairTest/Content/Fbx/sodent/sodent_polySurface230.uasset" 163
"../../../EclairTest/Content/Fbx/sodent/sodent_polySurface231.uasset" 164
"../../../EclairTest/Content/Fbx/sodent/sodent_polySurface234.uasset" 165
"../../../EclairTest/Content/Fbx/sodent/sodent_polySurface261.uasset" 166
"../../../EclairTest/Content/Fbx/sodent/sodent_polySurface55.uasset" 167
"../../../EclairTest/Content/Fbx/sodent/sodent_polySurface59.uasset" 168
"../../../EclairTest/Content/Geometry/Meshes/CubeMaterial.uasset" 169
"../../../EclairTest/Content/Geometry/Meshes/1M_Cube_Chamfer.uasset" 170
"../../../EclairTest/Content/Mannequin/Animations/ThirdPersonJump_End.uasset" 171
"../../../EclairTest/Content/Mannequin/Character/Mesh/SK_Mannequin_PhysicsAsset.uasset" 172
"../../../EclairTest/Content/StarterContent/Materials/M_Basic_Wall.uasset" 173
"../../../EclairTest/Content/StarterContent/Architecture/Pillar_50x500.uasset" 174
"../../../EclairTest/Content/StarterContent/Architecture/Wall_400x300.uasset" 175
"../../../EclairTest/Content/StarterContent/Architecture/Wall_400x400.uasset" 176
"../../../EclairTest/Content/StarterContent/Architecture/Wall_500x500.uasset" 177
"../../../EclairTest/Content/StarterContent/Architecture/Wall_Door_400x400.uasset" 178
"../../../EclairTest/Content/StarterContent/Architecture/Wall_Window_400x400.uasset" 179
"../../../EclairTest/Content/StarterContent/Audio/Light01_Cue.uasset" 180
"../../../EclairTest/Content/StarterContent/Audio/Light02_Cue.uasset" 181
"../../../EclairTest/Content/StarterContent/Audio/Explosion_Cue.uasset" 182
"../../../EclairTest/Content/StarterContent/Textures/T_Burst_M.uasset" 183
"../../../EclairTest/Content/StarterContent/Particles/Materials/M_Burst.uasset" 184
"../../../EclairTest/Content/StarterContent/Textures/T_Explosion_SubUV.uasset" 185
"../../../EclairTest/Content/StarterContent/Particles/Materials/M_explosion_subUV.uasset" 186
"../../../EclairTest/Content/StarterContent/Particles/Materials/m_flare_01.uasset" 187
"../../../Engine/Content/Functions/Engine_MaterialFunctions01/Gradient/RadialGradient.uasset" 188
"../../../EclairTest/Content/StarterContent/Particles/Materials/M_radial_ramp.uasset" 189
"../../../EclairTest/Content/StarterContent/Textures/T_Smoke_SubUV.uasset" 190
"../../../EclairTest/Content/StarterContent/Textures/T_Smoke_Tiled_D.uasset" 191
"../../../EclairTest/Content/StarterContent/Particles/Materials/M_smoke_subUV.uasset" 192
"../../../EclairTest/Content/StarterContent/Particles/P_Explosion.uasset" 193
"../../../EclairTest/Content/StarterContent/Blueprints/Blueprint_Effect_Explosion.uasset" 194
"../../../Engine/Content/EditorMeshes/ColorCalibrator/T_ColorGrid.uasset" 195
"../../../EclairTest/Content/StarterContent/Materials/M_ColorGrid_LowSpec.uasset" 196
"../../../EclairTest/Content/StarterContent/Textures/T_Bush_D.uasset" 197
"../../../EclairTest/Content/StarterContent/Textures/T_Bush_N.uasset" 198
"../../../EclairTest/Content/StarterContent/Props/Materials/M_Bush.uasset" 199
"../../../EclairTest/Content/StarterContent/Props/SM_Bush.uasset" 200
"../../../EclairTest/Content/StarterContent/Textures/T_Chair_M.uasset" 201
"../../../EclairTest/Content/StarterContent/Textures/T_Chair_N.uasset" 202
"../../../EclairTest/Content/StarterContent/Props/Materials/M_Chair.uasset" 203
"../../../EclairTest/Content/StarterContent/Props/SM_Couch.uasset" 204
"../../../EclairTest/Content/StarterContent/Materials/M_Glass.uasset" 205
"../../../EclairTest/Content/StarterContent/Textures/T_Door_M.uasset" 206
"../../../EclairTest/Content/StarterContent/Textures/T_Door_N.uasset" 207
"../../../EclairTest/Content/StarterContent/Props/Materials/M_Door.uasset" 208
"../../../EclairTest/Content/StarterContent/Props/SM_Door.uasset" 209
"../../../EclairTest/Content/StarterContent/Props/Materials/M_MaterialSphere.uasset" 210
"../../../EclairTest/Content/StarterContent/Props/Materials/M_MaterialSphere_Plain.uasset" 211
"../../../EclairTest/Content/StarterContent/Props/SM_MatPreviewMesh_02.uasset" 212
"../../../Engine/Content/Functions/Engine_MaterialFunctions02/Utility/BlendAngleCorrectedNormals.uasset" 213
"../../../EclairTest/Content/StarterContent/Textures/T_Detail_Rocky_N.uasset" 214
"../../../EclairTest/Content/StarterContent/Textures/T_Rock_Basalt_D.uasset" 215
"../../../EclairTest/Content/StarterContent/Textures/T_RockMesh_M.uasset" 216
"../../../EclairTest/Content/StarterContent/Textures/T_RockMesh_N.uasset" 217
"../../../EclairTest/Content/StarterContent/Props/Materials/M_Rock.uasset" 218
"../../../EclairTest/Content/StarterContent/Props/SM_Rock.uasset" 219
"../../../EclairTest/Content/StarterContent/Textures/T_Shelf_M.uasset" 220
"../../../EclairTest/Content/StarterContent/Textures/T_Shelf_N.uasset" 221
"../../../EclairTest/Content/StarterContent/Props/Materials/M_Shelf.uasset" 222
"../../../EclairTest/Content/StarterContent/Props/SM_Shelf.uasset" 223
"../../../EclairTest/Content/StarterContent/Materials/M_Basic_Floor.uasset" 224
"../../../EclairTest/Content/StarterContent/Props/SM_Stairs.uasset" 225
"../../../EclairTest/Content/StarterContent/Shapes/Shape_Cone.uasset" 226
"../../../EclairTest/Content/StarterContent/Shapes/Shape_Cylinder.uasset" 227
"../../../EclairTest/Content/StarterContent/Shapes/Shape_NarrowCapsule.uasset" 228
"../../../EclairTest/Content/StarterContent/Shapes/Shape_Pipe.uasset" 229
"../../../EclairTest/Content/StarterContent/Shapes/Shape_Pipe_180.uasset" 230
"../../../EclairTest/Content/StarterContent/Shapes/Shape_Pipe_90.uasset" 231
"../../../EclairTest/Content/StarterContent/Shapes/Shape_Plane.uasset" 232
"../../../EclairTest/Content/StarterContent/Shapes/Shape_Torus.uasset" 233
"../../../EclairTest/Content/StarterContent/Shapes/Shape_Trim.uasset" 234
"../../../EclairTest/Content/StarterContent/Shapes/Shape_Trim_90_In.uasset" 235
"../../../EclairTest/Content/StarterContent/Shapes/Shape_Trim_90_Out.uasset" 236
"../../../EclairTest/Content/StarterContent/Shapes/Shape_TriPyramid.uasset" 237
"../../../EclairTest/Content/StarterContent/Shapes/Shape_Tube.uasset" 238
"../../../EclairTest/Content/StarterContent/Shapes/Shape_Wedge_A.uasset" 239
"../../../EclairTest/Content/StarterContent/Shapes/Shape_Wedge_B.uasset" 240
"../../../EclairTest/Content/StarterContent/Shapes/Shape_WideCapsule.uasset" 241
"../../../EclairTest/Content/ThirdPerson/Meshes/RampMaterial.uasset" 242
"../../../EclairTest/Content/ThirdPerson/Meshes/Ramp_StaticMesh.uasset" 243
"../../../EclairTest/Content/Eclair/Animation/ThirdPerson_IdleRun_2D.uasset" 244
"../../../EclairTest/Content/Mannequin/Animations/ThirdPerson_AnimBP.uasset" 245
"../../../EclairTest/Content/Blueprints/Bolt.uasset" 246
"../../../EclairTest/Content/Fbx/snitch3/snitch2_Skeleton.uasset" 247
"../../../EclairTest/Content/Fbx/snitch3/snitch3_Anim.uasset" 248
"../../../EclairTest/Content/Fbx/snitch3/SnitchAnimBP2.uasset" 249
"../../../EclairTest/Content/Fbx/snitch3/blinn1.uasset" 250
"../../../EclairTest/Content/Fbx/snitch3/snitch2_PhysicsAsset.uasset" 251
"../../../EclairTest/Content/Fbx/snitch3/snitch3.uasset" 252
"../../../EclairTest/Content/EclairForDreamLand/Snitch.uasset" 253
"../../../EclairTest/Content/Fbx/Battery/hasi.uasset" 254
"../../../EclairTest/Content/Fbx/Battery/kaminari.uasset" 255
"../../../EclairTest/Content/Fbx/Battery/kuro.uasset" 256
"../../../EclairTest/Content/Fbx/Battery/red_rabel.uasset" 257
"../../../EclairTest/Content/Fbx/Battery/battery.uasset" 258
"../../../EclairTest/Content/Fbx/Battery/battery3_Blueprint.uasset" 259
"../../../Engine/Content/Functions/MaterialLayerFunctions/MatLayerBlend_NormalBlend.uasset" 260
"../../../Engine/Content/Functions/MaterialLayerFunctions/MatLayerBlend_Simple.uasset" 261
"../../../EclairTest/Content/Mannequin/Character/Materials/MaterialLayers/T_ML_Rubber_Blue_01_D.uasset" 262
"../../../EclairTest/Content/Mannequin/Character/Materials/MaterialLayers/T_ML_Rubber_Blue_01_N.uasset" 263
"../../../EclairTest/Content/Mannequin/Character/Materials/MaterialLayers/ML_GlossyBlack_Latex_UE4.uasset" 264
"../../../EclairTest/Content/Mannequin/Character/Materials/MaterialLayers/ML_Plastic_Shiny_Beige.uasset" 265
"../../../EclairTest/Content/Mannequin/Character/Textures/UE4_LOGO_CARD.uasset" 266
"../../../EclairTest/Content/Mannequin/Character/Materials/MaterialLayers/ML_Plastic_Shiny_Beige_LOGO.uasset" 267
"../../../EclairTest/Content/Mannequin/Character/Materials/MaterialLayers/T_ML_Aluminum01.uasset" 268
"../../../EclairTest/Content/Mannequin/Character/Materials/MaterialLayers/T_ML_Aluminum01_N.uasset" 269
"../../../EclairTest/Content/Mannequin/Character/Materials/MaterialLayers/ML_SoftMetal_UE4.uasset" 270
"../../../EclairTest/Content/Mannequin/Character/Textures/UE4_Mannequin__normals.uasset" 271
"../../../EclairTest/Content/Mannequin/Character/Textures/UE4_Mannequin_MAT_MASKA.uasset" 272
"../../../EclairTest/Content/Mannequin/Character/Materials/M_UE4Man_Body.uasset" 273
"../../../EclairTest/Content/Mannequin/Character/Textures/UE4Man_Logo_N.uasset" 274
"../../../EclairTest/Content/Mannequin/Character/Materials/M_UE4Man_ChestLogo.uasset" 275
"../../../EclairTest/Content/Eclair/Eclair_forDreamland_PhysicsAsset.uasset" 276
"../../../EclairTest/Content/Mannequin/Character/Mesh/SK_Mannequin.uasset" 277
"../../../EclairTest/Content/SE/bolt_land.uasset" 278
"../../../EclairTest/Content/SE/bolt_launch.uasset" 279
"../../../EclairTest/Content/SE/Etoile.uasset" 280
"../../../EclairTest/Content/SE/Etoile_end.uasset" 281
"../../../EclairTest/Content/ThirdPersonBP/Blueprints/ThirdPersonCharacter.uasset" 282
"../../../EclairTest/Content/ThirdPersonBP/Blueprints/ThirdPersonGameMode.uasset" 283
"../../../EclairTest/Content/Title/logo3.uasset" 284
"../../../EclairTest/Content/Title/Tiltle_BuiltData.uasset" 285
"../../../EclairTest/Content/Title/TitleImage.uasset" 286
"../../../EclairTest/Content/UI/GameStart.uasset" 287
"../../../EclairTest/Content/UI/GENSHINGOTHIC-MEDIUM.uasset" 288
"../../../EclairTest/Content/UI/GENSHINGOTHIC-MEDIUM_Font.uasset" 289
"../../../EclairTest/Content/UI/GameClear.uasset" 290
"../../../EclairTest/Content/UI/TimeFrame.uasset" 291
"../../../EclairTest/Content/UI/TimeUp.uasset" 292
"../../../EclairTest/Content/UI/Tutorial_2.uasset" 293
"../../../EclairTest/Content/UI/TYFP.uasset" 294
"../../../EclairTest/Content/UI/UI_Playing.uasset" 295
"../../../EclairTest/Content/UI/HUD_UI.uasset" 296
"../../../EclairTest/Content/UI/Start.uasset" 297
"../../../Engine/Content/EngineMaterials/WorldGridMaterial.uasset" 298
"../../../Engine/Content/BasicShapes/Plane.uasset" 299
"../../../Engine/Content/EditorLandscapeResources/DataLayer.uasset" 300
"../../../Engine/Content/EditorMaterials/GizmoMaterial.uasset" 301
"../../../Engine/Content/EditorMaterials/MAT_Groups_Toggle.uasset" 302
"../../../Engine/Content/EditorMaterials/MAT_Groups_Visibility.uasset" 303
"../../../Engine/Content/EditorMaterials/PreviewShadowIndicator.uasset" 304
"../../../Engine/Content/EditorMaterials/PreviewShadowIndicatorMaterial.uasset" 305
"../../../Engine/Content/EditorMaterials/AssetViewer/EpicQuadPanorama_CC+EV1.uasset" 306
"../../../Engine/Content/EditorMaterials/MatineeGroups/MAT_ColorTrack.uasset" 307
"../../../Engine/Content/EditorMaterials/MatineeGroups/MAT_Groups_Anim.uasset" 308
"../../../Engine/Content/EditorMaterials/MatineeGroups/MAT_Groups_AudioMaster.uasset" 309
"../../../Engine/Content/EditorMaterials/MatineeGroups/MAT_Groups_Director.uasset" 310
"../../../Engine/Content/EditorMaterials/MatineeGroups/MAT_Groups_Event.uasset" 311
"../../../Engine/Content/EditorMaterials/MatineeGroups/MAT_Groups_Fade.uasset" 312
"../../../Engine/Content/EditorMaterials/MatineeGroups/MAT_Groups_Float.uasset" 313
"../../../Engine/Content/EditorMaterials/MatineeGroups/MAT_Groups_Move.uasset" 314
"../../../Engine/Content/EditorMaterials/MatineeGroups/MAT_Groups_Slomo.uasset" 315
"../../../Engine/Content/EditorMaterials/MatineeGroups/MAT_Groups_Sound.uasset" 316
"../../../Engine/Content/EditorMaterials/MatineeGroups/MAT_Groups_Vector.uasset" 317
"../../../Engine/Content/EditorMaterials/ParticleSystems/PSysThumbnail_NoImage.uasset" 318
"../../../Engine/Content/EditorMaterials/ParticleSystems/PSysThumbnail_OOD.uasset" 319
"../../../Engine/Content/EditorMaterials/Camera/CineMat.uasset" 320
"../../../Engine/Content/EditorMaterials/Camera/MI_CineMat_Rig.uasset" 321
"../../../Engine/Content/EditorMeshes/Camera/SM_CraneRig_Arm.uasset" 322
"../../../Engine/Content/EditorMeshes/Camera/SM_CraneRig_Base.uasset" 323
"../../../Engine/Content/EditorMeshes/Camera/SM_CraneRig_Body.uasset" 324
"../../../Engine/Content/EditorMeshes/Camera/SM_CraneRig_Mount.uasset" 325
"../../../Engine/Content/EditorMeshes/Camera/SM_RailRig_Mount.uasset" 326
"../../../Engine/Content/EditorMeshes/Camera/SM_RailRig_Track.uasset" 327
"../../../Engine/Content/EditorResources/BSPVertex.uasset" 328
"../../../Engine/Content/EditorResources/EmptyActor.uasset" 329
"../../../Engine/Content/EditorResources/S_Actor.uasset" 330
"../../../Engine/Content/EditorResources/S_Trigger.uasset" 331
"../../../Engine/Content/EditorResources/AudioIcons/S_AudioComponent.uasset" 332
"../../../Engine/Content/EditorResources/AudioIcons/S_AudioComponent_AutoActivate.uasset" 333
"../../../Engine/Content/EditorResources/LightIcons/S_LightError.uasset" 334
"../../../Engine/Content/EditorSounds/Notifications/CompileFailed.uasset" 335
"../../../Engine/Content/EditorSounds/Notifications/CompileFailed_Cue.uasset" 336
"../../../Engine/Content/EditorSounds/Notifications/CompileSuccess.uasset" 337
"../../../Engine/Content/EditorSounds/Notifications/CompileStart_Cue.uasset" 338
"../../../Engine/Content/EditorSounds/Notifications/CompileSuccess_Cue.uasset" 339
"../../../Engine/Content/EngineDamageTypes/DmgTypeBP_Environmental.uasset" 340
"../../../Engine/Content/EngineDebugMaterials/HeatmapGradient.uasset" 341
"../../../Engine/Content/EngineDebugMaterials/BoneWeightMaterial.uasset" 342
"../../../Engine/Content/EngineDebugMaterials/ClothMaterial.uasset" 343
"../../../Engine/Content/EngineDebugMaterials/ClothMaterial_WF.uasset" 344
"../../../Engine/Content/EngineDebugMaterials/DebugEditorMaterial.uasset" 345
"../../../Engine/Content/EngineDebugMaterials/DebugMeshMaterial.uasset" 346
"../../../Engine/Content/EngineDebugMaterials/GeomMaterial.uasset" 347
"../../../Engine/Content/EngineFonts/Faces/RobotoBold.uasset" 348
"../../../Engine/Content/EngineFonts/Faces/RobotoBoldItalic.uasset" 349
"../../../Engine/Content/EngineFonts/Faces/RobotoItalic.uasset" 350
"../../../Engine/Content/EngineFonts/Faces/RobotoLight.uasset" 351
"../../../Engine/Content/EngineFonts/Faces/RobotoRegular.uasset" 352
"../../../Engine/Content/EngineFonts/Roboto.uasset" 353
"../../../Engine/Content/EngineFonts/Faces/RobotoTiny.uasset" 354
"../../../Engine/Content/EngineFonts/RobotoTiny.uasset" 355
"../../../Engine/Content/EngineMaterials/DefaultBloomKernel.uasset" 356
"../../../Engine/Content/EngineMaterials/DefaultBokeh.uasset" 357
"../../../Engine/Content/EngineMaterials/DefaultDiffuse.uasset" 358
"../../../Engine/Content/EngineMaterials/DefaultDeferredDecalMaterial.uasset" 359
"../../../Engine/Content/EngineMaterials/DefaultLightFunctionMaterial.uasset" 360
"../../../Engine/Content/EngineMaterials/DefaultPhysicalMaterial.uasset" 361
"../../../Engine/Content/Functions/Engine_MaterialFunctions02/Utility/BreakOutFloat2Components.uasset" 362
"../../../Engine/Content/EngineMaterials/DefaultPostProcessMaterial.uasset" 363
"../../../Engine/Content/EngineFonts/RobotoDistanceField.uasset" 364
"../../../Engine/Content/EngineMaterials/DefaultTextMaterialOpaque.uasset" 365
"../../../Engine/Content/EngineMaterials/DefaultWhiteGrid.uasset" 366
"../../../Engine/Content/EngineMaterials/EditorBrushMaterial.uasset" 367
"../../../Engine/Content/EngineMaterials/Good64x64TilingNoiseHighFreq.uasset" 368
"../../../Engine/Content/EngineMaterials/InvalidLightmapSettings.uasset" 369
"../../../Engine/Content/EngineMaterials/M_InvalidLightmapSettings.uasset" 370
"../../../Engine/Content/EngineMaterials/MiniFont.uasset" 371
"../../../Engine/Content/EngineMaterials/PhAT_JointLimitMaterial.uasset" 372
"../../../Engine/Content/EngineMaterials/PreintegratedSkinBRDF.uasset" 373
"../../../Engine/Content/EngineMaterials/RemoveSurfaceMaterial.uasset" 374
"../../../Engine/Content/EngineMaterials/WeightMapPlaceholderTexture.uasset" 375
"../../../Engine/Content/EngineResources/WhiteSquareTexture.uasset" 376
"../../../Engine/Content/EngineMaterials/Widget3DPassThrough.uasset" 377
"../../../Engine/Content/EngineMaterials/Widget3DPassThrough_Masked.uasset" 378
"../../../Engine/Content/EngineMaterials/Widget3DPassThrough_Opaque.uasset" 379
"../../../Engine/Content/EngineMaterials/Widget3DPassThrough_Masked_OneSided.uasset" 380
"../../../Engine/Content/EngineMaterials/Widget3DPassThrough_Opaque_OneSided.uasset" 381
"../../../Engine/Content/EngineMaterials/Widget3DPassThrough_Translucent.uasset" 382
"../../../Engine/Content/EngineMaterials/Widget3DPassThrough_Translucent_OneSided.uasset" 383
"../../../Engine/Content/EngineMeshes/Cube.uasset" 384
"../../../Engine/Content/EngineMeshes/Cylinder.uasset" 385
"../../../Engine/Content/EngineMeshes/Sphere.uasset" 386
"../../../Engine/Content/EngineResources/Black.uasset" 387
"../../../Engine/Content/EngineResources/DefaultTexture.uasset" 388
"../../../Engine/Content/EngineResources/DefaultTextureCube.uasset" 389
"../../../Engine/Content/EngineResources/GradientTexture0.uasset" 390
"../../../Engine/Content/EngineSounds/Master.uasset" 391
"../../../Engine/Content/Functions/Engine_MaterialFunctions01/Shading/ConvertFromDiffSpec.uasset" 392
"../../../Engine/Content/Functions/Engine_MaterialFunctions01/Shading/PowerToRoughness.uasset" 393
"../../../Engine/Content/Maps/Templates/Thumbnails/Default.uasset" 394
"../../../Engine/Content/Maps/Templates/Thumbnails/VR-Basic.uasset" 395
"../../../Engine/Content/MobileResources/T_MobileControls_texture.uasset" 396
"../../../Engine/Content/MobileResources/T_MobileMenu2.uasset" 397
"../../../Engine/Content/MobileResources/HUD/AnalogHat.uasset" 398
"../../../Engine/Content/MobileResources/HUD/VirtualJoystick_Background.uasset" 399
"../../../Engine/Content/MobileResources/HUD/VirtualJoystick_Thumb.uasset" 400
"../../../Engine/Content/MobileResources/HUD/DefaultVirtualJoysticks.uasset" 401
"../../../Engine/Content/MobileResources/HUD/LeftVirtualJoystickOnly.uasset" 402
"../../../Engine/Content/MobileResources/HUD/MobileHUDButton1_off.uasset" 403
"../../../Engine/Content/MobileResources/HUD/MobileHUDButton1_on.uasset" 404
"../../../Engine/Content/MobileResources/HUD/MobileHUDButton2_off.uasset" 405
"../../../Engine/Content/MobileResources/HUD/MobileHUDButton2_on.uasset" 406
"../../../Engine/Content/MobileResources/HUD/MobileHUDButton3.uasset" 407
"../../../Engine/Content/MobileResources/HUD/MobileHUDButtonFire.uasset" 408
"../../../Engine/Content/MobileResources/HUD/MobileHUDDirectionPad.uasset" 409
"../../../Engine/Content/MobileResources/HUD/MobileHUDDirectionPad2.uasset" 410
"../../../Engine/Content/MobileResources/HUD/MobileHUDDirectionPad3.uasset" 411
"../../../Engine/Content/MobileResources/HUD/MobileHUDDirectionStick.uasset" 412
"../../../Engine/Content/MobileResources/HUD/T_Castle_ThumbstickInner.uasset" 413
"../../../Engine/Content/MobileResources/HUD/T_Castle_ThumbstickOutter.uasset" 414
"../../../Engine/Content/Tutorial/ContentIntroCurve.uasset" 415
"../../../Engine/Content/Tutorial/Basics/TutorialAssets/icon_tab_Levels_40x.uasset" 416
"../../../Engine/Content/Tutorial/BlueprintTutorials/TutorialAssets/Blueprint_64x.uasset" 417
"../../../Engine/Content/Tutorial/BlueprintTutorials/TutorialAssets/BlueprintInterface_64x.uasset" 418
"../../../Engine/Content/Tutorial/BlueprintTutorials/TutorialAssets/BlueprintMacroLibrary_64x.uasset" 419
"../../../Engine/Content/Tutorial/BlueprintTutorials/TutorialAssets/Tutorial_BP_Interface.uasset" 420
"../../../Engine/Content/Tutorial/Foliage/TutorialAssets/Foliage.uasset" 421
"../../../Engine/Content/Tutorial/Landscape/TutorialAssets/Landscape.uasset" 422
"../../../Engine/Content/Tutorial/Paper2D/TutorialAssets/Paper2DFlipbook_TutorialIcon.uasset" 423
"../../../Engine/Content/Tutorial/Paper2D/TutorialAssets/Paper2DSprite_TutorialIcon.uasset" 424
"../../../Engine/Content/Tutorial/SubEditors/TutorialAssets/icon_Editor_Preferences_General_40x.uasset" 425
"../../../Engine/Content/Tutorial/SubEditors/TutorialAssets/icon_ShowSkeletalMeshes_40x.uasset" 426
"../../../Engine/Content/EditorMeshes/EditorCube.uasset" 427
"../../../Engine/Content/Tutorial/SubEditors/TutorialAssets/Tutorial_DM.uasset" 428
"../../../Engine/Content/Tutorial/SubEditors/TutorialAssets/TutorialMaterial.uasset" 429
"../../../Engine/Content/Tutorial/SubEditors/TutorialAssets/T_SmokeSubUV_8X8.uasset" 430
"../../../Engine/Content/Tutorial/SubEditors/TutorialAssets/T_soft_smoke.uasset" 431
"../../../Engine/Content/Tutorial/SubEditors/TutorialAssets/M_smoke_subUV_blackbody.uasset" 432
"../../../Engine/Content/Tutorial/SubEditors/TutorialAssets/TutorialParticleSystem.uasset" 433
"../../../Engine/Content/VREditor/Devices/Generic/GenericHMDMaterial.uasset" 434
"../../../Engine/Content/VREditor/Devices/Generic/GenericHMD.uasset" 435
"../../../Engine/Content/VREditor/FloatingText/LineMaterial.uasset" 436
"../../../Engine/Content/VREditor/FloatingText/JointSphere.uasset" 437
"../../../Engine/Content/VREditor/FloatingText/LineSegmentCylinder.uasset" 438
"../../../Engine/Content/VREditor/Fonts/VRText_RobotoLarge.uasset" 439
"../../../Engine/Content/VREditor/Fonts/VRTextMaterial.uasset" 440
"../../../Engine/Content/VREditor/Fonts/TranslucentVRTextMaterial.uasset" 441
"../../../Engine/Content/VREditor/LaserPointer/CursorPointer.uasset" 442
"../../../Engine/Content/VREditor/LaserPointer/VR_LaserPower_01.uasset" 443
"../../../Engine/Content/VREditor/TransformGizmo/TransformGizmoMaterial.uasset" 444
"../../../Engine/Content/VREditor/LaserPointer/HoverMaterial.uasset" 445
"../../../Engine/Content/VREditor/TransformGizmo/TranslucentTransformGizmoMaterial.uasset" 446
"../../../Engine/Content/VREditor/LaserPointer/TranslucentHoverMaterial.uasset" 447
"../../../Engine/Content/VREditor/LaserPointer/HoverMesh.uasset" 448
"../../../Engine/Content/VREditor/LaserPointer/LaserPointerMaterial.uasset" 449
"../../../Engine/Content/VREditor/LaserPointer/LaserPointerMaterialInst.uasset" 450
"../../../Engine/Content/VREditor/LaserPointer/TranslucentLaserPointerMaterialInst.uasset" 451
"../../../Engine/Content/VREditor/LaserPointer/LaserPointerMesh.uasset" 452
"../../../Engine/Content/VREditor/LaserPointer/LaserPointerMesh_End.uasset" 453
"../../../Engine/Content/VREditor/LaserPointer/LaserPointerMesh_Start.uasset" 454
"../../../Engine/Content/Functions/Engine_MaterialFunctions02/Utility/BreakOutFloat3Components.uasset" 455
"../../../Engine/Content/Functions/Engine_MaterialFunctions02/Math/Transform3x3Matrix.uasset" 456
"../../../Engine/Content/Functions/Engine_MaterialFunctions02/SplitComponents.uasset" 457
"../../../Engine/Content/Functions/Engine_MaterialFunctions02/Utility/MakeFloat3.uasset" 458
"../../../Engine/Content/VREditor/SnapGrid/SnapGridMaterial.uasset" 459
"../../../Engine/Content/VREditor/SnapGrid/SnapGridPlaneMesh.uasset" 460
"../../../Engine/Content/VREditor/Sounds/VR_teleport.uasset" 461
"../../../Engine/Content/VREditor/Sounds/UI/Click_on_Button_Cue.uasset" 462
"../../../Engine/Content/VREditor/Sounds/UI/Dockable_Window_Close.uasset" 463
"../../../Engine/Content/VREditor/Sounds/UI/Dockable_Window_Drop.uasset" 464
"../../../Engine/Content/VREditor/Sounds/UI/Dockable_Window_Open.uasset" 465
"../../../Engine/Content/VREditor/Sounds/UI/Dockable_Window_Pick_Up.uasset" 466
"../../../Engine/Content/VREditor/Sounds/UI/Drop_Item_From_ContentBrowser.uasset" 467
"../../../Engine/Content/VREditor/Sounds/UI/Floating_UI_Open-001.uasset" 468
"../../../Engine/Content/VREditor/Sounds/UI/Gizmo_Handle_Clicked.uasset" 469
"../../../Engine/Content/VREditor/Sounds/UI/Object_PickUp.uasset" 470
"../../../Engine/Content/VREditor/Sounds/UI/Object_Snaps_To_Another_Actor.uasset" 471
"../../../Engine/Content/VREditor/Sounds/UI/Object_Snaps_To_Grid.uasset" 472
"../../../Engine/Content/VREditor/Sounds/UI/Radial_Menu_FadeOut.uasset" 473
"../../../Engine/Content/VREditor/Sounds/UI/Scaling_Down.uasset" 474
"../../../Engine/Content/VREditor/Sounds/UI/Scaling_Up.uasset" 475
"../../../Engine/Content/VREditor/Sounds/UI/Selection_Changes.uasset" 476
"../../../Engine/Content/VREditor/Sounds/UI/Teleport_Mode_Entered.uasset" 477
"../../../Engine/Content/VREditor/Teleport/TeleportDirectionMaterial.uasset" 478
"../../../Engine/Content/VREditor/Teleport/TeleportDirectionMaterial_Inst.uasset" 479
"../../../Engine/Content/VREditor/Teleport/TeleportDirectionMesh.uasset" 480
"../../../Engine/Content/VREditor/TransformGizmo/BoundingBoxCorner.uasset" 481
"../../../Engine/Content/VREditor/TransformGizmo/BoundingBoxEdge.uasset" 482
"../../../Engine/Content/VREditor/TransformGizmo/PlaneTranslationHandle.uasset" 483
"../../../Engine/Content/VREditor/TransformGizmo/RotationHandleFull.uasset" 484
"../../../Engine/Content/VREditor/TransformGizmo/RotationHandleIndicator.uasset" 485
"../../../Engine/Content/VREditor/TransformGizmo/RotationHandleQuarter.uasset" 486
"../../../Engine/Content/VREditor/TransformGizmo/Main.uasset" 487
"../../../Engine/Content/VREditor/TransformGizmo/Xray.uasset" 488
"../../../Engine/Content/VREditor/TransformGizmo/SM_Dialog_Close.uasset" 489
"../../../Engine/Content/VREditor/TransformGizmo/SM_Dialog_Move.uasset" 490
"../../../Engine/Content/VREditor/TransformGizmo/SM_Sequencer_Key.uasset" 491
"../../../Engine/Content/VREditor/TransformGizmo/StartRotationHandleIndicator.uasset" 492
"../../../Engine/Content/VREditor/TransformGizmo/TranslucentTransformGizmoMaterial_Inst.uasset" 493
"../../../Engine/Content/VREditor/TransformGizmo/TransformGizmoFreeRotation.uasset" 494
"../../../Engine/Content/VREditor/TransformGizmo/TransformGizmoMaterial_Inst.uasset" 495
"../../../Engine/Content/VREditor/TransformGizmo/TranslateArrowHandle.uasset" 496
"../../../Engine/Content/VREditor/TransformGizmo/UniformScaleHandle.uasset" 497
"../../../Engine/Content/VREditor/UI/KeyDiskMaterial.uasset" 498
"../../../Engine/Content/VREditor/UI/DiscMaterial.uasset" 499
"../../../Engine/Content/VREditor/UI/SM_Radial_Disk.uasset" 500
"../../../Engine/Content/VREditor/WorldMovementGrid/SimpleGrid.uasset" 501
"../../../Engine/Content/VREditor/WorldMovementGrid/GridMaterial.uasset" 502
"../../../Engine/Content/Functions/Engine_MaterialFunctions01/Density/ExponentialDensity.uasset" 503
"../../../Engine/Content/VREditor/WorldMovementGrid/GridPostProcess.uasset" 504
"../../../Engine/Content/EditorLandscapeResources/FlattenHeightMat.uasset" 505
"../../../Engine/Content/VREditor/WorldMovementGrid/PlaneMesh.uasset" 506
"../../../Engine/Plugins/2D/Paper2D/Content/PlaceholderTextures/DummySpriteTexture.uasset" 507
"../../../Engine/Plugins/2D/Paper2D/Content/DummySprite.uasset" 508
"../../../Engine/Plugins/2D/Paper2D/Content/DefaultPaperTerrainMaterial.uasset" 509
"../../../Engine/Plugins/2D/Paper2D/Content/DefaultSpriteMaterial.uasset" 510
"../../../Engine/Plugins/2D/Paper2D/Content/MaskedUnlitSpriteMaterial.uasset" 511
"../../../Engine/Plugins/2D/Paper2D/Content/OpaqueUnlitSpriteMaterial.uasset" 512
"../../../EclairTest/Content/StarterContent/Blueprints/Assets/FogBrightnessLUT.uasset" 513
"../../../EclairTest/Content/StarterContent/Blueprints/Assets/SunlightColorLUT.uasset" 514
"../../../EclairTest/Content/StarterContent/Blueprints/Assets/M_LightStage_Arrows.uasset" 515
"../../../Engine/Content/MapTemplates/Sky/DaylightAmbientCubemap.uasset" 516
"../../../EclairTest/Content/StarterContent/Blueprints/Assets/M_LightStage_Skybox_Master.uasset" 517
"../../../EclairTest/Content/StarterContent/Blueprints/Assets/M_LightStage_Skybox_Black.uasset" 518
"../../../EclairTest/Content/StarterContent/Blueprints/Assets/M_LightStage_Skybox_HDRI.uasset" 519
"../../../Engine/Content/EditorMaterials/Thumbnails/SkySphereMaterial.uasset" 520
"../../../EclairTest/Content/StarterContent/Blueprints/Assets/Skybox.uasset" 521
"../../../EclairTest/Content/StarterContent/Blueprints/Assets/SM_Arrows.uasset" 522
"../../../EclairTest/Content/StarterContent/HDRI/HDRI_Epic_Courtyard_Daylight.uasset" 523
"../../../EclairTest/Content/StarterContent/Blueprints/BP_LightStudio.uasset" 524
"../../../EclairTest/Content/StarterContent/Maps/Advanced_Lighting_BuiltData.uasset" 525
"../../../EclairTest/Content/StarterContent/Materials/M_AssetPlatform.uasset" 526
"../../../Engine/Content/EditorMeshes/ColorCalibrator/M_ChromeBall.uasset" 527
"../../../Engine/Content/EditorMeshes/ColorCalibrator/M_ClearCoat.uasset" 528
"../../../Engine/Content/EditorMeshes/ColorCalibrator/M_ClearCoatBlack.uasset" 529
"../../../Engine/Content/EditorMeshes/ColorCalibrator/M_ColorGrid.uasset" 530
"../../../Engine/Content/EditorMeshes/ColorCalibrator/M_GreyBall.uasset" 531
"../../../Engine/Content/EditorMeshes/ColorCalibrator/SM_ColorCalibrator.uasset" 532
"../../../EclairTest/Content/StarterContent/Architecture/SM_AssetPlatform.uasset" 533
"../../../EclairTest/Content/StarterContent/Maps/Advanced_Lighting.umap" 534
"../../../Engine/Content/EngineSky/C_Sky_Cloud_Color.uasset" 535
"../../../Engine/Content/EngineSky/C_Sky_Horizon_Color.uasset" 536
"../../../Engine/Content/EngineSky/C_Sky_Zenith_Color.uasset" 537
"../../../Engine/Content/EngineSky/T_Sky_Blue.uasset" 538
"../../../Engine/Content/EngineSky/T_Sky_Clouds_M.uasset" 539
"../../../Engine/Content/EngineSky/T_Sky_Stars.uasset" 540
"../../../Engine/Content/EngineSky/M_Sky_Panning_Clouds2.uasset" 541
"../../../Engine/Content/EngineSky/SM_SkySphere.uasset" 542
"../../../Engine/Content/EngineSky/BP_Sky_Sphere.uasset" 543
"../../../EclairTest/Content/StarterContent/Maps/Minimal_Default_BuiltData.uasset" 544
"../../../EclairTest/Content/StarterContent/Textures/T_MacroVariation.uasset" 545
"../../../EclairTest/Content/StarterContent/Materials/M_Metal_Brushed_Nickel.uasset" 546
"../../../EclairTest/Content/StarterContent/Textures/T_Metal_Aluminum_D.uasset" 547
"../../../EclairTest/Content/StarterContent/Textures/T_Metal_Gold_N.uasset" 548
"../../../EclairTest/Content/StarterContent/Materials/M_Metal_Burnished_Steel.uasset" 549
"../../../EclairTest/Content/StarterContent/Textures/T_Metal_Copper_D.uasset" 550
"../../../EclairTest/Content/StarterContent/Materials/M_Metal_Copper.uasset" 551
"../../../EclairTest/Content/StarterContent/Textures/T_Statue_M.uasset" 552
"../../../EclairTest/Content/StarterContent/Textures/T_Statue_N.uasset" 553
"../../../EclairTest/Content/StarterContent/Props/Materials/M_StatueGlass.uasset" 554
"../../../EclairTest/Content/StarterContent/Architecture/Floor_400x400.uasset" 555
"../../../EclairTest/Content/StarterContent/Audio/Starter_Background_Cue.uasset" 556
"../../../EclairTest/Content/StarterContent/Props/SM_Chair.uasset" 557
"../../../EclairTest/Content/StarterContent/Props/Materials/M_Statue.uasset" 558
"../../../EclairTest/Content/StarterContent/Props/SM_Statue.uasset" 559
"../../../EclairTest/Content/StarterContent/Textures/T_TableRound_M.uasset" 560
"../../../EclairTest/Content/StarterContent/Textures/T_TableRound_N.uasset" 561
"../../../EclairTest/Content/StarterContent/Props/Materials/M_TableRound.uasset" 562
"../../../EclairTest/Content/StarterContent/Props/SM_TableRound.uasset" 563
"../../../EclairTest/Content/StarterContent/Maps/Minimal_Default.umap" 564
"../../../EclairTest/Content/StarterContent/Audio/Fire01_Cue.uasset" 565
"../../../EclairTest/Content/StarterContent/Textures/T_Fire_SubUV.uasset" 566
"../../../EclairTest/Content/StarterContent/Textures/T_Fire_Tiled_D.uasset" 567
"../../../EclairTest/Content/StarterContent/Particles/Materials/M_Fire_SubUV.uasset" 568
"../../../EclairTest/Content/StarterContent/Textures/T_Water_N.uasset" 569
"../../../EclairTest/Content/StarterContent/Particles/Materials/M_Heat_Distortion.uasset" 570
"../../../EclairTest/Content/StarterContent/Particles/Materials/M_Radial_Gradient.uasset" 571
"../../../EclairTest/Content/StarterContent/Particles/P_Fire.uasset" 572
"../../../EclairTest/Content/StarterContent/Blueprints/Blueprint_Effect_Fire.uasset" 573
"../../../EclairTest/Content/StarterContent/Audio/Smoke01_Cue.uasset" 574
"../../../EclairTest/Content/StarterContent/Particles/P_Smoke.uasset" 575
"../../../EclairTest/Content/StarterContent/Blueprints/Blueprint_Effect_Smoke.uasset" 576
"../../../EclairTest/Content/StarterContent/Audio/Fire_Sparks01_Cue.uasset" 577
"../../../EclairTest/Content/StarterContent/Textures/T_Spark_Core.uasset" 578
"../../../EclairTest/Content/StarterContent/Particles/Materials/M_Spark.uasset" 579
"../../../EclairTest/Content/StarterContent/Particles/P_Sparks.uasset" 580
"../../../EclairTest/Content/StarterContent/Blueprints/Blueprint_Effect_Sparks.uasset" 581
"../../../EclairTest/Content/StarterContent/Audio/Steam01_Cue.uasset" 582
"../../../EclairTest/Content/StarterContent/Particles/P_Steam_Lit.uasset" 583
"../../../EclairTest/Content/StarterContent/Blueprints/Blueprint_Effect_Steam.uasset" 584
"../../../EclairTest/Content/StarterContent/Textures/T_Lamp_M.uasset" 585
"../../../EclairTest/Content/StarterContent/Textures/T_Lamp_N.uasset" 586
"../../../EclairTest/Content/StarterContent/Props/Materials/M_Lamp.uasset" 587
"../../../EclairTest/Content/StarterContent/Props/SM_Lamp_Ceiling.uasset" 588
"../../../EclairTest/Content/StarterContent/Blueprints/Blueprint_CeilingLight.uasset" 589
"../../../EclairTest/Content/StarterContent/Props/SM_Lamp_Wall.uasset" 590
"../../../EclairTest/Content/StarterContent/Blueprints/Blueprint_WallSconce.uasset" 591
"../../../EclairTest/Content/StarterContent/Maps/StarterMap_BuiltData.uasset" 592
"../../../Engine/Content/Functions/Engine_MaterialFunctions03/Procedurals/ComputeFilterWidth.uasset" 593
"../../../Engine/Content/EngineMaterials/AntiAliasedTextMaterialTranslucent.uasset" 594
"../../../EclairTest/Content/StarterContent/Textures/T_Brick_Clay_Beveled_D.uasset" 595
"../../../EclairTest/Content/StarterContent/Textures/T_Brick_Clay_Beveled_M.uasset" 596
"../../../EclairTest/Content/StarterContent/Textures/T_Brick_Clay_Beveled_N.uasset" 597
"../../../EclairTest/Content/StarterContent/Materials/M_Brick_Clay_Beveled.uasset" 598
"../../../EclairTest/Content/StarterContent/Textures/T_Brick_Clay_New_D.uasset" 599
"../../../EclairTest/Content/StarterContent/Textures/T_Brick_Clay_New_M.uasset" 600
"../../../EclairTest/Content/StarterContent/Textures/T_Brick_Clay_New_N.uasset" 601
"../../../EclairTest/Content/StarterContent/Materials/M_Brick_Clay_New.uasset" 602
"../../../EclairTest/Content/StarterContent/Textures/T_Brick_Clay_Old_D.uasset" 603
"../../../EclairTest/Content/StarterContent/Textures/T_Brick_Clay_Old_N.uasset" 604
"../../../EclairTest/Content/StarterContent/Textures/T_Perlin_Noise_M.uasset" 605
"../../../EclairTest/Content/StarterContent/Materials/M_Brick_Clay_Old.uasset" 606
"../../../EclairTest/Content/StarterContent/Textures/T_Brick_Cut_Stone_D.uasset" 607
"../../../EclairTest/Content/StarterContent/Textures/T_Brick_Cut_Stone_N.uasset" 608
"../../../EclairTest/Content/StarterContent/Materials/M_Brick_Cut_Stone.uasset" 609
"../../../EclairTest/Content/StarterContent/Textures/T_Brick_Hewn_Stone_D.uasset" 610
"../../../EclairTest/Content/StarterContent/Textures/T_Brick_Hewn_Stone_M.uasset" 611
"../../../EclairTest/Content/StarterContent/Textures/T_Brick_Hewn_Stone_N.uasset" 612
"../../../EclairTest/Content/StarterContent/Materials/M_Brick_Hewn_Stone.uasset" 613
"../../../EclairTest/Content/StarterContent/Textures/T_Ceramic_Tile_M.uasset" 614
"../../../EclairTest/Content/StarterContent/Textures/T_Ceramic_Tile_N.uasset" 615
"../../../EclairTest/Content/StarterContent/Textures/T_Rock_Marble_Polished_D.uasset" 616
"../../../EclairTest/Content/StarterContent/Materials/M_Ceramic_Tile_Checker.uasset" 617
"../../../EclairTest/Content/StarterContent/Textures/T_CobbleStone_Pebble_D.uasset" 618
"../../../EclairTest/Content/StarterContent/Textures/T_CobbleStone_Pebble_M.uasset" 619
"../../../EclairTest/Content/StarterContent/Textures/T_CobbleStone_Pebble_N.uasset" 620
"../../../EclairTest/Content/StarterContent/Materials/M_CobbleStone_Pebble.uasset" 621
"../../../EclairTest/Content/StarterContent/Textures/T_CobbleStone_Rough_D.uasset" 622
"../../../EclairTest/Content/StarterContent/Textures/T_CobbleStone_Rough_N.uasset" 623
"../../../EclairTest/Content/StarterContent/Textures/T_Gradinet_01.uasset" 624
"../../../EclairTest/Content/StarterContent/Textures/T_Rock_Smooth_Granite_D.uasset" 625
"../../../EclairTest/Content/StarterContent/Materials/M_CobbleStone_Rough.uasset" 626
"../../../EclairTest/Content/StarterContent/Textures/T_CobbleStone_Smooth_D.uasset" 627
"../../../EclairTest/Content/StarterContent/Textures/T_CobbleStone_Smooth_M.uasset" 628
"../../../EclairTest/Content/StarterContent/Textures/T_CobbleStone_Smooth_N.uasset" 629
"../../../EclairTest/Content/StarterContent/Materials/M_CobbleStone_Smooth.uasset" 630
"../../../EclairTest/Content/StarterContent/Textures/T_Concrete_Grime_D.uasset" 631
"../../../EclairTest/Content/StarterContent/Textures/T_Metal_Rust_N.uasset" 632
"../../../EclairTest/Content/StarterContent/Materials/M_Concrete_Grime.uasset" 633
"../../../EclairTest/Content/StarterContent/Textures/T_Concrete_Panels_D.uasset" 634
"../../../EclairTest/Content/StarterContent/Textures/T_Concrete_Panels_N.uasset" 635
"../../../EclairTest/Content/StarterContent/Materials/M_Concrete_Panels.uasset" 636
"../../../EclairTest/Content/StarterContent/Textures/T_Concrete_Poured_D.uasset" 637
"../../../EclairTest/Content/StarterContent/Textures/T_Concrete_Poured_N.uasset" 638
"../../../EclairTest/Content/StarterContent/Materials/M_Concrete_Poured.uasset" 639
"../../../EclairTest/Content/StarterContent/Textures/T_Concrete_Tiles_D.uasset" 640
"../../../EclairTest/Content/StarterContent/Textures/T_Concrete_Tiles_M.uasset" 641
"../../../EclairTest/Content/StarterContent/Textures/T_Concrete_Tiles_N.uasset" 642
"../../../EclairTest/Content/StarterContent/Textures/T_Concrete_Tiles_Variation_M.uasset" 643
"../../../EclairTest/Content/StarterContent/Materials/M_Concrete_Tiles.uasset" 644
"../../../EclairTest/Content/StarterContent/Textures/T_Ground_Grass_D.uasset" 645
"../../../EclairTest/Content/StarterContent/Textures/T_Ground_Grass_N.uasset" 646
"../../../EclairTest/Content/StarterContent/Materials/M_Ground_Grass.uasset" 647
"../../../EclairTest/Content/StarterContent/Textures/T_Ground_Gravel_D.uasset" 648
"../../../EclairTest/Content/StarterContent/Textures/T_Ground_Gravel_N.uasset" 649
"../../../EclairTest/Content/StarterContent/Materials/M_Ground_Gravel.uasset" 650
"../../../EclairTest/Content/StarterContent/Textures/T_ground_Moss_D.uasset" 651
"../../../EclairTest/Content/StarterContent/Textures/T_Ground_Moss_N.uasset" 652
"../../../EclairTest/Content/StarterContent/Materials/M_Ground_Moss.uasset" 653
"../../../EclairTest/Content/StarterContent/Materials/M_Metal_Chrome.uasset" 654
"../../../EclairTest/Content/StarterContent/Textures/T_Metal_Gold_D.uasset" 655
"../../../EclairTest/Content/StarterContent/Materials/M_Metal_Gold.uasset" 656
"../../../EclairTest/Content/StarterContent/Textures/T_Metal_Rust_D.uasset" 657
"../../../EclairTest/Content/StarterContent/Materials/M_Metal_Rust.uasset" 658
"../../../EclairTest/Content/StarterContent/Textures/T_Metal_Steel_D.uasset" 659
"../../../EclairTest/Content/StarterContent/Textures/T_Metal_Steel_N.uasset" 660
"../../../EclairTest/Content/StarterContent/Materials/M_Metal_Steel.uasset" 661
"../../../EclairTest/Content/StarterContent/Textures/T_Rock_Basalt_N.uasset" 662
"../../../EclairTest/Content/StarterContent/Materials/M_Rock_Basalt.uasset" 663
"../../../EclairTest/Content/StarterContent/Materials/M_Rock_Marble_Polished.uasset" 664
"../../../EclairTest/Content/StarterContent/Textures/T_Rock_Sandstone_D.uasset" 665
"../../../EclairTest/Content/StarterContent/Textures/T_Rock_Sandstone_N.uasset" 666
"../../../EclairTest/Content/StarterContent/Materials/M_Rock_Sandstone.uasset" 667
"../../../EclairTest/Content/StarterContent/Textures/T_Rock_Slate_D.uasset" 668
"../../../EclairTest/Content/StarterContent/Textures/T_Rock_Slate_N.uasset" 669
"../../../EclairTest/Content/StarterContent/Materials/M_Rock_Slate.uasset" 670
"../../../EclairTest/Content/StarterContent/Textures/T_Checker_Noise_M.uasset" 671
"../../../EclairTest/Content/StarterContent/Textures/T_Single_Tile_N.uasset" 672
"../../../EclairTest/Content/StarterContent/Textures/T_Tech_Dot_M.uasset" 673
"../../../EclairTest/Content/StarterContent/Textures/T_Tech_Dot_N.uasset" 674
"../../../EclairTest/Content/StarterContent/Materials/M_Tech_Checker_Dot.uasset" 675
"../../../EclairTest/Content/StarterContent/Textures/T_Tech_Hex_Tile_M.uasset" 676
"../../../EclairTest/Content/StarterContent/Textures/T_Tech_Hex_Tile_N.uasset" 677
"../../../EclairTest/Content/StarterContent/Materials/M_Tech_Hex_Tile.uasset" 678
"../../../EclairTest/Content/StarterContent/Materials/M_Tech_Hex_Tile_Pulse.uasset" 679
"../../../EclairTest/Content/StarterContent/Textures/T_Tech_Panel_M.uasset" 680
"../../../EclairTest/Content/StarterContent/Textures/T_Tech_Panel_N.uasset" 681
"../../../EclairTest/Content/StarterContent/Materials/M_Tech_Panel.uasset" 682
"../../../EclairTest/Content/StarterContent/Materials/M_Water_Lake.uasset" 683
"../../../EclairTest/Content/StarterContent/Textures/T_Water_M.uasset" 684
"../../../EclairTest/Content/StarterContent/Materials/M_Water_Ocean.uasset" 685
"../../../EclairTest/Content/StarterContent/Textures/T_Wood_Floor_Walnut_D.uasset" 686
"../../../EclairTest/Content/StarterContent/Textures/T_Wood_Floor_Walnut_M.uasset" 687
"../../../EclairTest/Content/StarterContent/Textures/T_Wood_Floor_Walnut_N.uasset" 688
"../../../EclairTest/Content/StarterContent/Materials/M_Wood_Floor_Walnut_Polished.uasset" 689
"../../../Engine/Content/Functions/Engine_MaterialFunctions01/Opacity/AlphaOffset.uasset" 690
"../../../EclairTest/Content/StarterContent/Materials/M_Wood_Floor_Walnut_Worn.uasset" 691
"../../../EclairTest/Content/StarterContent/Textures/T_Wood_Oak_D.uasset" 692
"../../../EclairTest/Content/StarterContent/Textures/T_Wood_Oak_N.uasset" 693
"../../../EclairTest/Content/StarterContent/Materials/M_Wood_Oak.uasset" 694
"../../../EclairTest/Content/StarterContent/Textures/T_Wood_Pine_D.uasset" 695
"../../../EclairTest/Content/StarterContent/Textures/T_Wood_Pine_N.uasset" 696
"../../../EclairTest/Content/StarterContent/Materials/M_Wood_Pine.uasset" 697
"../../../EclairTest/Content/StarterContent/Textures/T_Wood_Walnut_D.uasset" 698
"../../../EclairTest/Content/StarterContent/Textures/T_Wood_Walnut_N.uasset" 699
"../../../EclairTest/Content/StarterContent/Materials/M_Wood_Walnut.uasset" 700
"../../../EclairTest/Content/StarterContent/Architecture/Wall_400x200.uasset" 701
"../../../EclairTest/Content/StarterContent/Architecture/Wall_Door_400x300.uasset" 702
"../../../EclairTest/Content/StarterContent/Architecture/Wall_Window_400x300.uasset" 703
"../../../EclairTest/Content/StarterContent/Audio/Collapse_Cue.uasset" 704
"../../../EclairTest/Content/StarterContent/Audio/Starter_Music_Cue.uasset" 705
"../../../EclairTest/Content/StarterContent/Textures/T_Dust_Particle_D.uasset" 706
"../../../EclairTest/Content/StarterContent/Particles/Materials/M_Dust_Particle.uasset" 707
"../../../EclairTest/Content/StarterContent/Particles/P_Ambient_Dust.uasset" 708
"../../../EclairTest/Content/StarterContent/Props/MaterialSphere.uasset" 709
"../../../EclairTest/Content/StarterContent/Textures/T_Frame_M.uasset" 710
"../../../EclairTest/Content/StarterContent/Textures/T_Frame_N.uasset" 711
"../../../EclairTest/Content/StarterContent/Props/Materials/M_Frame.uasset" 712
"../../../EclairTest/Content/StarterContent/Props/SM_CornerFrame.uasset" 713
"../../../EclairTest/Content/StarterContent/Props/SM_DoorFrame.uasset" 714
"../../../EclairTest/Content/StarterContent/Props/SM_GlassWindow.uasset" 715
"../../../EclairTest/Content/StarterContent/Props/SM_PillarFrame.uasset" 716
"../../../EclairTest/Content/StarterContent/Props/SM_PillarFrame300.uasset" 717
"../../../EclairTest/Content/StarterContent/Props/SM_WindowFrame.uasset" 718
"../../../EclairTest/Content/StarterContent/Shapes/Shape_Cube.uasset" 719
"../../../EclairTest/Content/StarterContent/Shapes/Shape_QuadPyramid.uasset" 720
"../../../EclairTest/Content/StarterContent/Shapes/Shape_Sphere.uasset" 721
"../../../EclairTest/Content/StarterContent/Maps/StarterMap.umap" 722
"../../../EclairTest/Content/Eclair/Animation/JumpEnd.uasset" 723
"../../../EclairTest/Content/Eclair/Animation/JumpLoop.uasset" 724
"../../../EclairTest/Content/Eclair/Animation/JumpStart.uasset" 725
"../../../EclairTest/Content/Eclair/Animation/Eclair_AnimBP.uasset" 726
"../../../EclairTest/Content/Blueprints/GameMode_EclairRagingInferno.uasset" 727
"../../../Engine/Content/BasicShapes/Cube.uasset" 728
"../../../EclairTest/Content/Blueprints/Kurage_Blueprint.uasset" 729
"../../../EclairTest/Content/Geometry/Meshes/TemplateFloor.uasset" 730
"../../../EclairTest/Content/Blueprints/naraku_Blueprint.uasset" 731
"../../../EclairTest/Content/Blueprints/RespownPoint_Blueprint.uasset" 732
"../../../EclairTest/Content/ThirdPersonBP/Maps/ThirdPersonExampleMap_BuiltData.uasset" 733
"../../../EclairTest/Content/Eclair/Gear.uasset" 734
"../../../EclairTest/Content/Eclair/Hair.uasset" 735
"../../../EclairTest/Content/Eclair/Kamikaza_blue.uasset" 736
"../../../EclairTest/Content/Eclair/Kamikaza_red.uasset" 737
"../../../EclairTest/Content/Eclair/EyeUVmap_left.uasset" 738
"../../../EclairTest/Content/Eclair/lambert14.uasset" 739
"../../../EclairTest/Content/Eclair/EyeUVmap_right.uasset" 740
"../../../EclairTest/Content/Eclair/lambert15.uasset" 741
"../../../EclairTest/Content/Eclair/polySurface15Shape_color.uasset" 742
"../../../EclairTest/Content/Eclair/lambert6.uasset" 743
"../../../EclairTest/Content/Eclair/ShirtShape_color.uasset" 744
"../../../EclairTest/Content/Eclair/lambert7.uasset" 745
"../../../EclairTest/Content/Eclair/mirroredCutMesh3Shape_color.uasset" 746
"../../../EclairTest/Content/Eclair/lambert8.uasset" 747
"../../../EclairTest/Content/Eclair/Skin.uasset" 748
"../../../EclairTest/Content/Eclair/Eclair_forDreamland.uasset" 749
"../../../EclairTest/Content/Fbx/Contena/conntena_body.uasset" 750
"../../../EclairTest/Content/Fbx/Contena/conntena_mirroredCutMesh4.uasset" 751
"../../../EclairTest/Content/Fbx/Dram2/dram_UV.uasset" 752
"../../../EclairTest/Content/Fbx/Dram2/phong1.uasset" 753
"../../../EclairTest/Content/Fbx/Dram2/dram_pCylinder1.uasset" 754
"../../../EclairTest/Content/Fbx/Dram2/dram_pCylinder2.uasset" 755
"../../../EclairTest/Content/Fbx/Dram2/dram_pCylinder3.uasset" 756
"../../../EclairTest/Content/Fbx/Dram2/dram_pCylinder4.uasset" 757
"../../../EclairTest/Content/Geometry/Meshes/1M_Cube.uasset" 758
"../../../EclairTest/Content/ThirdPerson/Meshes/Bump_StaticMesh.uasset" 759
"../../../EclairTest/Content/ThirdPerson/Meshes/LeftArm_StaticMesh.uasset" 760
"../../../EclairTest/Content/ThirdPerson/Meshes/Linear_Stair_StaticMesh.uasset" 761
"../../../EclairTest/Content/ThirdPerson/Meshes/RightArm_StaticMesh.uasset" 762
"../../../EclairTest/Content/UI/FadeInOut.uasset" 763
"../../../EclairTest/Content/ThirdPersonBP/Maps/ThirdPersonExampleMap.umap" 764
"../../../EclairTest/Content/Title/GameMode_Title.uasset" 765
"../../../EclairTest/Content/BGM/title.uasset" 766
"../../../EclairTest/Content/BGM/title_Cue.uasset" 767
"../../../EclairTest/Content/SE/hit.uasset" 768
"../../../EclairTest/Content/Title/TitleImage2.uasset" 769
"../../../EclairTest/Content/Title/Title.uasset" 770
"../../../EclairTest/Content/Title/TitleLevel.umap" 771
"../../../EclairTest/Content/TUtorial/TutorialLevel_BuiltData.uasset" 772
"../../../EclairTest/Content/TUtorial/Tutorial.uasset" 773
"../../../EclairTest/Content/TUtorial/TutorialLevel.umap" 774
"../../../Engine/Content/Maps/Entry.umap" 775
